This file contains any messages produced by compilers while
running configure, to aid debugging if configure makes a mistake.

It was created by trackerlite configure 0.1, which was
generated by GNU Autoconf 2.69.  Invocation command line was

  $ ./configure 

## --------- ##
## Platform. ##
## --------- ##

hostname = ism-amalthea
uname -m = x86_64
uname -r = 3.5.0-23-lowlatency
uname -s = Linux
uname -v = #22-Ubuntu SMP PREEMPT Mon Jan 28 14:14:33 UTC 2013

/usr/bin/uname -p = unknown
/bin/uname -X     = unknown

/bin/arch              = unknown
/usr/bin/arch -k       = unknown
/usr/convex/getsysinfo = unknown
/usr/bin/hostinfo      = unknown
/bin/machine           = unknown
/usr/bin/oslevel       = unknown
/bin/universe          = unknown

PATH: /opt/ros/groovy/bin
PATH: /usr/lib/lightdm/lightdm
PATH: /usr/local/sbin
PATH: /usr/local/bin
PATH: /usr/sbin
PATH: /usr/bin
PATH: /sbin
PATH: /bin
PATH: /usr/games
PATH: /usr/local/games


## ----------- ##
## Core tests. ##
## ----------- ##

configure:2210: checking for a BSD-compatible install
configure:2278: result: /usr/bin/install -c
configure:2289: checking whether build environment is sane
configure:2339: result: yes
configure:2480: checking for a thread-safe mkdir -p
configure:2519: result: /bin/mkdir -p
configure:2532: checking for gawk
configure:2548: found /usr/bin/gawk
configure:2559: result: gawk
configure:2570: checking whether make sets $(MAKE)
configure:2592: result: yes
configure:2723: checking for gcc
configure:2739: found /usr/bin/gcc
configure:2750: result: gcc
configure:2979: checking for C compiler version
configure:2988: gcc --version >&5
gcc (Ubuntu/Linaro 4.7.2-2ubuntu1) 4.7.2
Copyright (C) 2012 Free Software Foundation, Inc.
This is free software; see the source for copying conditions.  There is NO
warranty; not even for MERCHANTABILITY or FITNESS FOR A PARTICULAR PURPOSE.

configure:2999: $? = 0
configure:2988: gcc -v >&5
Using built-in specs.
COLLECT_GCC=gcc
COLLECT_LTO_WRAPPER=/usr/lib/gcc/x86_64-linux-gnu/4.7/lto-wrapper
Target: x86_64-linux-gnu
Configured with: ../src/configure -v --with-pkgversion='Ubuntu/Linaro 4.7.2-2ubuntu1' --with-bugurl=file:///usr/share/doc/gcc-4.7/README.Bugs --enable-languages=c,c++,go,fortran,objc,obj-c++ --prefix=/usr --program-suffix=-4.7 --enable-shared --enable-linker-build-id --with-system-zlib --libexecdir=/usr/lib --without-included-gettext --enable-threads=posix --with-gxx-include-dir=/usr/include/c++/4.7 --libdir=/usr/lib --enable-nls --with-sysroot=/ --enable-clocale=gnu --enable-libstdcxx-debug --enable-libstdcxx-time=yes --enable-gnu-unique-object --enable-plugin --enable-objc-gc --disable-werror --with-arch-32=i686 --with-tune=generic --enable-checking=release --build=x86_64-linux-gnu --host=x86_64-linux-gnu --target=x86_64-linux-gnu
Thread model: posix
gcc version 4.7.2 (Ubuntu/Linaro 4.7.2-2ubuntu1) 
configure:2999: $? = 0
configure:2988: gcc -V >&5
gcc: error: unrecognized command line option '-V'
gcc: fatal error: no input files
compilation terminated.
configure:2999: $? = 4
configure:2988: gcc -qversion >&5
gcc: error: unrecognized command line option '-qversion'
gcc: fatal error: no input files
compilation terminated.
configure:2999: $? = 4
configure:3019: checking whether the C compiler works
configure:3041: gcc    conftest.c  >&5
configure:3045: $? = 0
configure:3093: result: yes
configure:3096: checking for C compiler default output file name
configure:3098: result: a.out
configure:3104: checking for suffix of executables
configure:3111: gcc -o conftest    conftest.c  >&5
configure:3115: $? = 0
configure:3137: result: 
configure:3159: checking whether we are cross compiling
configure:3167: gcc -o conftest    conftest.c  >&5
configure:3171: $? = 0
configure:3178: ./conftest
configure:3182: $? = 0
configure:3197: result: no
configure:3202: checking for suffix of object files
configure:3224: gcc -c   conftest.c >&5
configure:3228: $? = 0
configure:3249: result: o
configure:3253: checking whether we are using the GNU C compiler
configure:3272: gcc -c   conftest.c >&5
configure:3272: $? = 0
configure:3281: result: yes
configure:3290: checking whether gcc accepts -g
configure:3310: gcc -c -g  conftest.c >&5
configure:3310: $? = 0
configure:3351: result: yes
configure:3368: checking for gcc option to accept ISO C89
configure:3431: gcc  -c -g -O2  conftest.c >&5
configure:3431: $? = 0
configure:3444: result: none needed
configure:3475: checking for style of include used by make
configure:3503: result: GNU
configure:3529: checking dependency style of gcc
configure:3640: result: gcc3
configure:3713: checking for g++
configure:3729: found /usr/bin/g++
configure:3740: result: g++
configure:3767: checking for C++ compiler version
configure:3776: g++ --version >&5
g++ (Ubuntu/Linaro 4.7.2-2ubuntu1) 4.7.2
Copyright (C) 2012 Free Software Foundation, Inc.
This is free software; see the source for copying conditions.  There is NO
warranty; not even for MERCHANTABILITY or FITNESS FOR A PARTICULAR PURPOSE.

configure:3787: $? = 0
configure:3776: g++ -v >&5
Using built-in specs.
COLLECT_GCC=g++
COLLECT_LTO_WRAPPER=/usr/lib/gcc/x86_64-linux-gnu/4.7/lto-wrapper
Target: x86_64-linux-gnu
Configured with: ../src/configure -v --with-pkgversion='Ubuntu/Linaro 4.7.2-2ubuntu1' --with-bugurl=file:///usr/share/doc/gcc-4.7/README.Bugs --enable-languages=c,c++,go,fortran,objc,obj-c++ --prefix=/usr --program-suffix=-4.7 --enable-shared --enable-linker-build-id --with-system-zlib --libexecdir=/usr/lib --without-included-gettext --enable-threads=posix --with-gxx-include-dir=/usr/include/c++/4.7 --libdir=/usr/lib --enable-nls --with-sysroot=/ --enable-clocale=gnu --enable-libstdcxx-debug --enable-libstdcxx-time=yes --enable-gnu-unique-object --enable-plugin --enable-objc-gc --disable-werror --with-arch-32=i686 --with-tune=generic --enable-checking=release --build=x86_64-linux-gnu --host=x86_64-linux-gnu --target=x86_64-linux-gnu
Thread model: posix
gcc version 4.7.2 (Ubuntu/Linaro 4.7.2-2ubuntu1) 
configure:3787: $? = 0
configure:3776: g++ -V >&5
g++: error: unrecognized command line option '-V'
g++: fatal error: no input files
compilation terminated.
configure:3787: $? = 4
configure:3776: g++ -qversion >&5
g++: error: unrecognized command line option '-qversion'
g++: fatal error: no input files
compilation terminated.
configure:3787: $? = 4
configure:3791: checking whether we are using the GNU C++ compiler
configure:3810: g++ -c   conftest.cpp >&5
configure:3810: $? = 0
configure:3819: result: yes
configure:3828: checking whether g++ accepts -g
configure:3848: g++ -c -g  conftest.cpp >&5
configure:3848: $? = 0
configure:3889: result: yes
configure:3914: checking dependency style of g++
configure:4025: result: gcc3
configure:4041: checking whether gcc and cc understand -c and -o together
configure:4072: gcc -c conftest.c -o conftest2.o >&5
configure:4076: $? = 0
configure:4082: gcc -c conftest.c -o conftest2.o >&5
configure:4086: $? = 0
configure:4097: cc -c conftest.c >&5
configure:4101: $? = 0
configure:4109: cc -c conftest.c -o conftest2.o >&5
configure:4113: $? = 0
configure:4119: cc -c conftest.c -o conftest2.o >&5
configure:4123: $? = 0
configure:4141: result: yes
configure:4173: checking how to run the C preprocessor
configure:4204: gcc -E  conftest.c
configure:4204: $? = 0
configure:4218: gcc -E  conftest.c
conftest.c:11:28: fatal error: ac_nonexistent.h: No such file or directory
compilation terminated.
configure:4218: $? = 1
configure: failed program was:
| /* confdefs.h */
| #define PACKAGE_NAME "trackerlite"
| #define PACKAGE_TARNAME "trackerlite"
| #define PACKAGE_VERSION "0.1"
| #define PACKAGE_STRING "trackerlite 0.1"
| #define PACKAGE_BUGREPORT "costel.grosu@windriver.com"
| #define PACKAGE_URL ""
| #define PACKAGE "trackerlite"
| #define VERSION "0.1"
| /* end confdefs.h.  */
| #include <ac_nonexistent.h>
configure:4243: result: gcc -E
configure:4263: gcc -E  conftest.c
configure:4263: $? = 0
configure:4277: gcc -E  conftest.c
conftest.c:11:28: fatal error: ac_nonexistent.h: No such file or directory
compilation terminated.
configure:4277: $? = 1
configure: failed program was:
| /* confdefs.h */
| #define PACKAGE_NAME "trackerlite"
| #define PACKAGE_TARNAME "trackerlite"
| #define PACKAGE_VERSION "0.1"
| #define PACKAGE_STRING "trackerlite 0.1"
| #define PACKAGE_BUGREPORT "costel.grosu@windriver.com"
| #define PACKAGE_URL ""
| #define PACKAGE "trackerlite"
| #define VERSION "0.1"
| /* end confdefs.h.  */
| #include <ac_nonexistent.h>
configure:4306: checking for grep that handles long lines and -e
configure:4364: result: /bin/grep
configure:4369: checking for egrep
configure:4431: result: /bin/grep -E
configure:4436: checking for ANSI C header files
configure:4456: gcc -c -g -O2  conftest.c >&5
configure:4456: $? = 0
configure:4529: gcc -o conftest -g -O2   conftest.c  >&5
configure:4529: $? = 0
configure:4529: ./conftest
configure:4529: $? = 0
configure:4540: result: yes
configure:4553: checking for sys/types.h
configure:4553: gcc -c -g -O2  conftest.c >&5
configure:4553: $? = 0
configure:4553: result: yes
configure:4553: checking for sys/stat.h
configure:4553: gcc -c -g -O2  conftest.c >&5
configure:4553: $? = 0
configure:4553: result: yes
configure:4553: checking for stdlib.h
configure:4553: gcc -c -g -O2  conftest.c >&5
configure:4553: $? = 0
configure:4553: result: yes
configure:4553: checking for string.h
configure:4553: gcc -c -g -O2  conftest.c >&5
configure:4553: $? = 0
configure:4553: result: yes
configure:4553: checking for memory.h
configure:4553: gcc -c -g -O2  conftest.c >&5
configure:4553: $? = 0
configure:4553: result: yes
configure:4553: checking for strings.h
configure:4553: gcc -c -g -O2  conftest.c >&5
configure:4553: $? = 0
configure:4553: result: yes
configure:4553: checking for inttypes.h
configure:4553: gcc -c -g -O2  conftest.c >&5
configure:4553: $? = 0
configure:4553: result: yes
configure:4553: checking for stdint.h
configure:4553: gcc -c -g -O2  conftest.c >&5
configure:4553: $? = 0
configure:4553: result: yes
configure:4553: checking for unistd.h
configure:4553: gcc -c -g -O2  conftest.c >&5
configure:4553: $? = 0
configure:4553: result: yes
configure:4567: checking for string.h
configure:4567: result: yes
configure:4610: checking for boostlib >= 1.40
configure:4660: g++ -c -g -O2  -I/usr/include conftest.cpp >&5
configure:4660: $? = 0
configure:4662: result: yes
configure:4825: checking whether the Boost::Signals library is available
configure:4850: g++ -c -g -O2  -I/usr/include conftest.cpp >&5
configure:4850: $? = 0
configure:4864: result: yes
configure:4875: checking for exit in -lboost_signals-mt
configure:4900: gcc -o conftest -g -O2  -I/usr/include  -L/usr/lib conftest.c -lboost_signals-mt   >&5
conftest.c:31:6: warning: conflicting types for built-in function 'exit' [enabled by default]
configure:4900: $? = 0
configure:4910: result: yes
configure:5077: checking for pkg-config
configure:5095: found /usr/bin/pkg-config
configure:5107: result: /usr/bin/pkg-config
configure:5132: checking pkg-config is at least version 0.9.0
configure:5135: result: yes
configure:5145: checking for TAGLIB
configure:5152: $PKG_CONFIG --exists --print-errors "taglib"
configure:5155: $? = 0
configure:5169: $PKG_CONFIG --exists --print-errors "taglib"
configure:5172: $? = 0
configure:5210: result: yes
configure:5220: checking for SQLITE
configure:5227: $PKG_CONFIG --exists --print-errors "sqlite3"
configure:5230: $? = 0
configure:5244: $PKG_CONFIG --exists --print-errors "sqlite3"
configure:5247: $? = 0
configure:5285: result: yes
configure:5295: checking for ICU_I18N
configure:5302: $PKG_CONFIG --exists --print-errors "icu-i18n"
Package icu-i18n was not found in the pkg-config search path.
Perhaps you should add the directory containing `icu-i18n.pc'
to the PKG_CONFIG_PATH environment variable
No package 'icu-i18n' found
configure:5305: $? = 1
configure:5319: $PKG_CONFIG --exists --print-errors "icu-i18n"
Package icu-i18n was not found in the pkg-config search path.
Perhaps you should add the directory containing `icu-i18n.pc'
to the PKG_CONFIG_PATH environment variable
No package 'icu-i18n' found
configure:5322: $? = 1
configure:5336: result: no
No package 'icu-i18n' found

## ---------------- ##
## Cache variables. ##
## ---------------- ##

ac_cv_c_compiler_gnu=yes
ac_cv_cxx_compiler_gnu=yes
ac_cv_env_CCC_set=
ac_cv_env_CCC_value=
ac_cv_env_CC_set=
ac_cv_env_CC_value=
ac_cv_env_CFLAGS_set=
ac_cv_env_CFLAGS_value=
ac_cv_env_CPPFLAGS_set=
ac_cv_env_CPPFLAGS_value=
ac_cv_env_CPP_set=
ac_cv_env_CPP_value=
ac_cv_env_CXXFLAGS_set=
ac_cv_env_CXXFLAGS_value=
ac_cv_env_CXX_set=
ac_cv_env_CXX_value=
ac_cv_env_ICU_I18N_CFLAGS_set=
ac_cv_env_ICU_I18N_CFLAGS_value=
ac_cv_env_ICU_I18N_LIBS_set=
ac_cv_env_ICU_I18N_LIBS_value=
ac_cv_env_LDFLAGS_set=
ac_cv_env_LDFLAGS_value=
ac_cv_env_LIBS_set=
ac_cv_env_LIBS_value=
ac_cv_env_PKG_CONFIG_LIBDIR_set=
ac_cv_env_PKG_CONFIG_LIBDIR_value=
ac_cv_env_PKG_CONFIG_PATH_set=set
ac_cv_env_PKG_CONFIG_PATH_value=/opt/ros/groovy/lib/pkgconfig
ac_cv_env_PKG_CONFIG_set=
ac_cv_env_PKG_CONFIG_value=
ac_cv_env_SQLITE_CFLAGS_set=
ac_cv_env_SQLITE_CFLAGS_value=
ac_cv_env_SQLITE_LIBS_set=
ac_cv_env_SQLITE_LIBS_value=
ac_cv_env_TAGLIB_CFLAGS_set=
ac_cv_env_TAGLIB_CFLAGS_value=
ac_cv_env_TAGLIB_LIBS_set=
ac_cv_env_TAGLIB_LIBS_value=
ac_cv_env_build_alias_set=
ac_cv_env_build_alias_value=
ac_cv_env_host_alias_set=
ac_cv_env_host_alias_value=
ac_cv_env_target_alias_set=
ac_cv_env_target_alias_value=
ac_cv_header_inttypes_h=yes
ac_cv_header_memory_h=yes
ac_cv_header_stdc=yes
ac_cv_header_stdint_h=yes
ac_cv_header_stdlib_h=yes
ac_cv_header_string_h=yes
ac_cv_header_strings_h=yes
ac_cv_header_sys_stat_h=yes
ac_cv_header_sys_types_h=yes
ac_cv_header_unistd_h=yes
ac_cv_lib_boost_signals_mt___exit=yes
ac_cv_objext=o
ac_cv_path_EGREP='/bin/grep -E'
ac_cv_path_GREP=/bin/grep
ac_cv_path_ac_pt_PKG_CONFIG=/usr/bin/pkg-config
ac_cv_path_install='/usr/bin/install -c'
ac_cv_path_mkdir=/bin/mkdir
ac_cv_prog_AWK=gawk
ac_cv_prog_CPP='gcc -E'
ac_cv_prog_ac_ct_CC=gcc
ac_cv_prog_ac_ct_CXX=g++
ac_cv_prog_cc_c89=
ac_cv_prog_cc_g=yes
ac_cv_prog_cc_gcc_c_o=yes
ac_cv_prog_cxx_g=yes
ac_cv_prog_make_make_set=yes
am_cv_CC_dependencies_compiler_type=gcc3
am_cv_CXX_dependencies_compiler_type=gcc3
ax_cv_boost_signals=yes
pkg_cv_SQLITE_CFLAGS=' '
pkg_cv_SQLITE_LIBS='-lsqlite3  '
pkg_cv_TAGLIB_CFLAGS='-I/usr/include/taglib  '
pkg_cv_TAGLIB_LIBS='-ltag  '

## ----------------- ##
## Output variables. ##
## ----------------- ##

ACLOCAL='${SHELL} /home/akholodn/wrgit/tracker-lite/build-aux/missing --run aclocal-1.11'
AMDEPBACKSLASH='\'
AMDEP_FALSE='#'
AMDEP_TRUE=''
AMTAR='$${TAR-tar}'
AUTOCONF='${SHELL} /home/akholodn/wrgit/tracker-lite/build-aux/missing --run autoconf'
AUTOHEADER='${SHELL} /home/akholodn/wrgit/tracker-lite/build-aux/missing --run autoheader'
AUTOMAKE='${SHELL} /home/akholodn/wrgit/tracker-lite/build-aux/missing --run automake-1.11'
AWK='gawk'
BOOST_CPPFLAGS='-I/usr/include'
BOOST_LDFLAGS='-L/usr/lib'
BOOST_SIGNALS_LIB='-lboost_signals-mt'
CC='gcc'
CCDEPMODE='depmode=gcc3'
CFLAGS='-g -O2'
CPP='gcc -E'
CPPFLAGS=''
CXX='g++'
CXXDEPMODE='depmode=gcc3'
CXXFLAGS='-g -O2'
CYGPATH_W='echo'
DEFS=''
DEPDIR='.deps'
ECHO_C=''
ECHO_N='-n'
ECHO_T=''
EGREP='/bin/grep -E'
EXEEXT=''
GREP='/bin/grep'
ICU_I18N_CFLAGS=''
ICU_I18N_LIBS=''
INSTALL_DATA='${INSTALL} -m 644'
INSTALL_PROGRAM='${INSTALL}'
INSTALL_SCRIPT='${INSTALL}'
INSTALL_STRIP_PROGRAM='$(install_sh) -c -s'
LDFLAGS=''
LIBOBJS=''
LIBS=''
LTLIBOBJS=''
MAKEINFO='${SHELL} /home/akholodn/wrgit/tracker-lite/build-aux/missing --run makeinfo'
MKDIR_P='/bin/mkdir -p'
OBJEXT='o'
PACKAGE='trackerlite'
PACKAGE_BUGREPORT='costel.grosu@windriver.com'
PACKAGE_NAME='trackerlite'
PACKAGE_STRING='trackerlite 0.1'
PACKAGE_TARNAME='trackerlite'
PACKAGE_URL=''
PACKAGE_VERSION='0.1'
PATH_SEPARATOR=':'
PKG_CONFIG='/usr/bin/pkg-config'
PKG_CONFIG_LIBDIR=''
PKG_CONFIG_PATH='/opt/ros/groovy/lib/pkgconfig'
SET_MAKE=''
SHELL='/bin/bash'
SQLITE_CFLAGS=' '
SQLITE_LIBS='-lsqlite3  '
STRIP=''
TAGLIB_CFLAGS='-I/usr/include/taglib  '
TAGLIB_LIBS='-ltag  '
VERSION='0.1'
ac_ct_CC='gcc'
ac_ct_CXX='g++'
am__EXEEXT_FALSE=''
am__EXEEXT_TRUE=''
am__fastdepCC_FALSE='#'
am__fastdepCC_TRUE=''
am__fastdepCXX_FALSE='#'
am__fastdepCXX_TRUE=''
am__include='include'
am__isrc=''
am__leading_dot='.'
am__nodep='_no'
am__quote=''
am__tar='$${TAR-tar} chof - "$$tardir"'
am__untar='$${TAR-tar} xf -'
bindir='${exec_prefix}/bin'
build_alias=''
datadir='${datarootdir}'
datarootdir='${prefix}/share'
docdir='${datarootdir}/doc/${PACKAGE_TARNAME}'
dvidir='${docdir}'
exec_prefix='NONE'
host_alias=''
htmldir='${docdir}'
includedir='${prefix}/include'
infodir='${datarootdir}/info'
install_sh='${SHELL} /home/akholodn/wrgit/tracker-lite/build-aux/install-sh'
libdir='${exec_prefix}/lib'
libexecdir='${exec_prefix}/libexec'
localedir='${datarootdir}/locale'
localstatedir='${prefix}/var'
mandir='${datarootdir}/man'
mkdir_p='/bin/mkdir -p'
oldincludedir='/usr/include'
pdfdir='${docdir}'
prefix='NONE'
program_transform_name='s,x,x,'
psdir='${docdir}'
sbindir='${exec_prefix}/sbin'
sharedstatedir='${prefix}/com'
sysconfdir='${prefix}/etc'
target_alias=''

## ----------- ##
## confdefs.h. ##
## ----------- ##

/* confdefs.h */
#define PACKAGE_NAME "trackerlite"
#define PACKAGE_TARNAME "trackerlite"
#define PACKAGE_VERSION "0.1"
#define PACKAGE_STRING "trackerlite 0.1"
#define PACKAGE_BUGREPORT "costel.grosu@windriver.com"
#define PACKAGE_URL ""
#define PACKAGE "trackerlite"
#define VERSION "0.1"
#define STDC_HEADERS 1
#define HAVE_SYS_TYPES_H 1
#define HAVE_SYS_STAT_H 1
#define HAVE_STDLIB_H 1
#define HAVE_STRING_H 1
#define HAVE_MEMORY_H 1
#define HAVE_STRINGS_H 1
#define HAVE_INTTYPES_H 1
#define HAVE_STDINT_H 1
#define HAVE_UNISTD_H 1
#define HAVE_STRING_H 1
#define HAVE_BOOST /**/
#define HAVE_BOOST_SIGNALS /**/

configure: exit 1
